<?xml version="1.0" encoding="utf-8" standalone="no"?>
<!--This file represents the results of running a test suite-->
<test-results name="c:\Repos\GraphViz-C-Sharp-Wrapper\src\GraphVizWrapper.Tests\bin\Release\GraphVizWrapper.Tests.dll" total="4" errors="0" failures="0" not-run="0" inconclusive="0" ignored="0" skipped="0" invalid="0" date="2015-04-05" time="17:08:58">
  <environment nunit-version="2.5.10.11092" clr-version="2.0.50727.8009" os-version="Microsoft Windows NT 6.2.9200.0" platform="Win32NT" cwd="c:\Repos\GraphViz-C-Sharp-Wrapper\build" machine-name="CATALOG360" user="Jamie" user-domain="CATALOG360" />
  <culture-info current-culture="en-GB" current-uiculture="en-GB" />
  <test-suite type="Assembly" name="c:\Repos\GraphViz-C-Sharp-Wrapper\src\GraphVizWrapper.Tests\bin\Release\GraphVizWrapper.Tests.dll" executed="True" result="Success" success="True" time="1.597" asserts="0">
    <results>
      <test-suite type="Namespace" name="GraphVizWrapper" executed="True" result="Success" success="True" time="1.584" asserts="0">
        <results>
          <test-suite type="Namespace" name="Tests" executed="True" result="Success" success="True" time="1.584" asserts="0">
            <results>
              <test-suite type="TestFixture" name="Tests" executed="True" result="Success" success="True" time="1.581" asserts="0">
                <results>
                  <test-case name="GraphVizWrapper.Tests.Tests.AllowsPlainExtTextOutputType" executed="True" result="Success" success="True" time="0.249" asserts="1" />
                  <test-case name="GraphVizWrapper.Tests.Tests.AllowsPlainTextOutputType" executed="True" result="Success" success="True" time="0.077" asserts="1" />
                  <test-case name="GraphVizWrapper.Tests.Tests.DoesNotCrashWithLargeInput" executed="True" result="Success" success="True" time="0.440" asserts="0" />
                  <test-case name="GraphVizWrapper.Tests.Tests.GenerateGraphReturnsByteArrayWithLengthGreaterOrEqualZero" executed="True" result="Success" success="True" time="0.768" asserts="1" />
                </results>
              </test-suite>
            </results>
          </test-suite>
        </results>
      </test-suite>
    </results>
  </test-suite>
</test-results>