<?xml version="1.0" encoding="utf-8" standalone="no"?>
<!--This file represents the results of running a test suite-->
<test-results name="c:\dev\GraphViz Wrapper\src\GraphVizWrapper.Tests\bin\Release\GraphVizWrapper.Tests.dll" total="1" errors="0" failures="0" not-run="0" inconclusive="0" ignored="0" skipped="0" invalid="0" date="2013-08-07" time="17:01:20">
  <environment nunit-version="2.5.10.11092" clr-version="2.0.50727.5472" os-version="Microsoft Windows NT 6.1.7601 Service Pack 1" platform="Win32NT" cwd="c:\dev\GraphViz Wrapper\build" machine-name="WAKINGLIFE" user="jamied" user-domain="BLINKBOX" />
  <culture-info current-culture="en-GB" current-uiculture="en-US" />
  <test-suite type="Assembly" name="c:\dev\GraphViz Wrapper\src\GraphVizWrapper.Tests\bin\Release\GraphVizWrapper.Tests.dll" executed="True" result="Success" success="True" time="1.061" asserts="0">
    <results>
      <test-suite type="Namespace" name="GraphVizWrapper" executed="True" result="Success" success="True" time="1.050" asserts="0">
        <results>
          <test-suite type="Namespace" name="Tests" executed="True" result="Success" success="True" time="1.049" asserts="0">
            <results>
              <test-suite type="TestFixture" name="Tests" executed="True" result="Success" success="True" time="1.048" asserts="0">
                <results>
                  <test-case name="GraphVizWrapper.Tests.Tests.GenerateGraphReturnsByteArrayWithLengthGreaterOrEqualZero" executed="True" result="Success" success="True" time="1.033" asserts="1" />
                </results>
              </test-suite>
            </results>
          </test-suite>
        </results>
      </test-suite>
    </results>
  </test-suite>
</test-results>